\BOOKMARK [-1][-]{part.1}{I Experimentos \205 Roteiros}{}% 1
\BOOKMARK [0][-]{chapter.1.1}{Determina\347\343o do tempo de queda de uma moeda \205 Tratamento estat\355stico dos dados}{part.1}% 2
\BOOKMARK [1][-]{section.1.1.1}{Introdu\347\343o}{chapter.1.1}% 3
\BOOKMARK [1][-]{section.1.1.2}{Procedimento Experimental}{chapter.1.1}% 4
\BOOKMARK [1][-]{section.1.1.3}{An\341lise de Dados e Discuss\343o dos Resultados}{chapter.1.1}% 5
\BOOKMARK [1][-]{section.1.1.4}{Opcional}{chapter.1.1}% 6
\BOOKMARK [0][-]{chapter.1.2}{Medi\347\343o do volume de uma moeda \205 Propaga\347\343o de incerteza}{part.1}% 7
\BOOKMARK [1][-]{section.1.2.1}{Introdu\347\343o}{chapter.1.2}% 8
\BOOKMARK [1][-]{section.1.2.2}{Procedimento experimental}{chapter.1.2}% 9
\BOOKMARK [1][-]{section.1.2.3}{An\341lise de dados}{chapter.1.2}% 10
\BOOKMARK [1][-]{section.1.2.4}{Discuss\343o dos Resultados}{chapter.1.2}% 11
\BOOKMARK [0][-]{chapter.1.3}{ Movimento de um corpo em queda vertical: determina\347\343o da acelera\347\343o da queda}{part.1}% 12
\BOOKMARK [1][-]{section.1.3.1}{Introdu\347\343o}{chapter.1.3}% 13
\BOOKMARK [1][-]{section.1.3.2}{Procedimento Experimental}{chapter.1.3}% 14
\BOOKMARK [1][-]{section.1.3.3}{An\341lise de dados}{chapter.1.3}% 15
\BOOKMARK [1][-]{section.1.3.4}{Discuss\343o dos resultados}{chapter.1.3}% 16
\BOOKMARK [1][-]{section.1.3.5}{Opcional: Estudo da conserva\347\343o da energia}{chapter.1.3}% 17
\BOOKMARK [0][-]{chapter.1.4}{Sistema de part\355culas \205 Colis\365es}{part.1}% 18
\BOOKMARK [1][-]{section.1.4.1}{Introdu\347\343o}{chapter.1.4}% 19
\BOOKMARK [1][-]{section.1.4.2}{Colis\343o unidimensional sem atrito}{chapter.1.4}% 20
\BOOKMARK [1][-]{section.1.4.3}{Introdu\347\343o }{chapter.1.4}% 21
\BOOKMARK [1][-]{section.1.4.4}{Procedimento Experimental e Levantamento de Dados}{chapter.1.4}% 22
\BOOKMARK [1][-]{section.1.4.5}{An\341lise de dados e discuss\343o dos resultados}{chapter.1.4}% 23
\BOOKMARK [0][-]{chapter.1.5}{Colis\365es \(Opcional\)}{part.1}% 24
\BOOKMARK [1][-]{section.1.5.1}{Introdu\347\343o}{chapter.1.5}% 25
\BOOKMARK [1][-]{section.1.5.2}{Procedimento experimental}{chapter.1.5}% 26
\BOOKMARK [2][-]{subsection.1.5.2.1}{Realiza\347\343o das medidas}{section.1.5.2}% 27
\BOOKMARK [2][-]{subsection.1.5.2.2}{An\341lise das imagens}{section.1.5.2}% 28
\BOOKMARK [1][-]{section.1.5.3}{Exemplo de resultados e an\341lise}{chapter.1.5}% 29
\BOOKMARK [2][-]{subsection.1.5.3.1}{ Medidas do tra\347o de posi\347\343o at\351 o repouso das moedas}{section.1.5.3}% 30
\BOOKMARK [2][-]{subsection.1.5.3.2}{ Medidas de posi\347\343o durante curto intervalo de tempo}{section.1.5.3}% 31
\BOOKMARK [-1][-]{part.2}{II Conceitos B\341sicos para An\341lise de Dados}{}% 32
\BOOKMARK [0][-]{chapter.2.1}{Medidas e incertezas}{part.2}% 33
\BOOKMARK [0][-]{chapter.2.2}{Medidas Diretas e Indiretas}{part.2}% 34
\BOOKMARK [0][-]{chapter.2.3}{Algarismos Significativos}{part.2}% 35
\BOOKMARK [1][-]{section.2.3.1}{Incertezas e algarismos significativos}{chapter.2.3}% 36
\BOOKMARK [1][-]{section.2.3.2}{Regra de bolso sobre algarismos significativos}{chapter.2.3}% 37
\BOOKMARK [0][-]{chapter.2.4}{Representa\347\365es gr\341ficas}{part.2}% 38
\BOOKMARK [1][-]{section.2.4.1}{Como fazer um histograma}{chapter.2.4}% 39
\BOOKMARK [1][-]{section.2.4.2}{Como construir um gr\341fico}{chapter.2.4}% 40
\BOOKMARK [0][-]{chapter.2.5}{Ajuste linear}{part.2}% 41
\BOOKMARK [1][-]{section.2.5.1}{Ajuste de uma fun\347\343o linear por M\355nimos Quadrados}{chapter.2.5}% 42
\BOOKMARK [1][-]{section.2.5.2}{M\351todo gr\341fico para ajustar uma reta com incerteza}{chapter.2.5}% 43
\BOOKMARK [0][-]{chapter.2.6}{Determina\347\343o da velocidade instant\342nea}{part.2}% 44
\BOOKMARK [0][-]{chapter.2.7}{Distribui\347\343o Gaussiana}{part.2}% 45
\BOOKMARK [-1][-]{part.3}{III Exerc\355cios}{}% 46
\BOOKMARK [0][-]{chapter.3.1}{Algarismos significativos}{part.3}% 47
\BOOKMARK [0][-]{chapter.3.2}{Propaga\347\343o incerteza}{part.3}% 48
\BOOKMARK [-1][-]{part.4}{IV Ap\352ndices}{}% 49
\BOOKMARK [0][-]{chapter.4.1}{Caderno de laborat\363rio}{part.4}% 50
\BOOKMARK [0][-]{chapter.4.2}{Como escrever um relat\363rio?}{part.4}% 51
\BOOKMARK [0][-]{chapter.4.3}{Movimento Retil\355neo Uniformemente Variado \(MRUV\)}{part.4}% 52
\BOOKMARK [0][-]{chapter.4.4}{Tutorial b\341sico de uso do aplicativo Tracker}{part.4}% 53
\BOOKMARK [0][-]{chapter.4.5}{Tutorial b\341sico de uso do aplicativo VidAnalysis}{part.4}% 54
\BOOKMARK [0][-]{chapter.4.6}{Ap\352ndice: \(Ef-Ei\)/Ei a partir de tra\347os e um \342ngulo}{part.4}% 55
